{"@level":"debug","@message":"plugin address","@timestamp":"2021-11-28T06:08:05.799585Z","address":"/tmp/plugin688921414","network":"unix"}
INFO [11-28|06:08:05.801] Initializing Coreth VM                   Version=v0.6.2-rc.0 Config="{\"snowman-api-enabled\":false,\"coreth-admin-api-enabled\":false,\"net-api-enabled\":false,\"continuous-profiler-dir\":\"\",\"continuous-profiler-frequency\":{\"Duration\":900000000000},\"continuous-profiler-max-files\":5,\"rpc-gas-cap\":2500000000,\"rpc-tx-fee-cap\":100,\"eth-api-enabled\":false,\"personal-api-enabled\":false,\"tx-pool-api-enabled\":false,\"debug-api-enabled\":false,\"web3-api-enabled\":false,\"pruning-enabled\":true,\"snapshot-async\":true,\"snapshot-verification-enabled\":false,\"local-txs-enabled\":false,\"api-max-duration\":{\"Duration\":0},\"api-max-blocks-per-request\":1,\"allow-unfinalized-queries\":false,\"keystore-directory\":\"\",\"keystore-external-signer\":\"\",\"keystore-insecure-unlock-allowed\":false}"
INFO [11-28|06:08:05.803] Persisted trie from memory database      nodes=15 size=2.24KiB time="38.387µs" gcnodes=0 gcsize=0.00B gctime=0s livenodes=1 livesize=0.00B
DEBUG[11-28|06:08:05.803] FS scan times                            list="16.254µs" set=917ns diff=692ns
INFO [11-28|06:08:05.803] Allocated trie memory caches             clean=75.00MiB dirty=256.00MiB
INFO [11-28|06:08:05.803] Writing genesis to database 
INFO [11-28|06:08:05.805] Persisted trie from memory database      nodes=15 size=2.24KiB time="462.844µs" gcnodes=0 gcsize=0.00B gctime=0s livenodes=1 livesize=0.00B
INFO [11-28|06:08:05.806] Initialised chain configuration          config="{ChainID: 16 Homestead: 0 DAO: 0 DAOSupport: true EIP150: 0 EIP155: 0 EIP158: 0 Byzantium: 0 Constantinople: 0 Petersburg: 0 Istanbul: 0, Muir Glacier: 0, Apricot Phase 1: 0, Apricot Phase 2: 0, Apricot Phase 3: <nil>, Engine: Dummy Consensus Engine}"
INFO [11-28|06:08:05.807] Initialising Ethereum protocol           network=1 dbversion=<nil>
WARN [11-28|06:08:05.807] Upgrade blockchain database version      from=<nil> to=8
INFO [11-28|06:08:05.808] Loaded most recent local header          number=0 hash=85e8e0..03cd22 td=0 age=52y7mo4w
INFO [11-28|06:08:05.808] Loaded most recent local full block      number=0 hash=85e8e0..03cd22 td=0 age=52y7mo4w
DEBUG[11-28|06:08:05.808] removed processing transaction indices   count=0 currentBlock=0 lastAccepted=0
INFO [11-28|06:08:05.808] Initializing snapshots                   async=false
WARN [11-28|06:08:05.808] Failed to load snapshot, regenerating    err="missing or corrupted snapshot, no snapshot block hash"
INFO [11-28|06:08:05.809] Rebuilding state snapshot 
DEBUG[11-28|06:08:05.809] Journalled generator progress            progress=empty
DEBUG[11-28|06:08:05.809] Start snapshot generation                root=7e799d..38529a
INFO [11-28|06:08:05.809] Waiting for snapshot generation          root=7e799d..38529a
INFO [11-28|06:08:05.809] Wiper running, state snapshotting paused accounts=0 slots=0 storage=0.00B elapsed="275.662µs"
INFO [11-28|06:08:05.810] Deleted state snapshot leftovers         kind=accounts wiped=0 elapsed=1.131ms
INFO [11-28|06:08:05.810] Deleted state snapshot leftovers         kind=storage  wiped=0 elapsed="318.749µs"
INFO [11-28|06:08:05.810] Resuming state snapshot generation       root=7e799d..38529a accounts=0 slots=0 storage=0.00B elapsed="12.755µs"
DEBUG[11-28|06:08:05.812] Journalled generator progress            progress=done
INFO [11-28|06:08:05.812] Generated state snapshot                 accounts=11 slots=0 storage=637.00B elapsed=1.526ms
DEBUG[11-28|06:08:05.812] Reinjecting stale transactions           count=0
INFO [11-28|06:08:05.812] Gasprice oracle is ignoring threshold set threshold=2
INFO [11-28|06:08:05.812] Transaction pool price threshold updated price=470,000,000,000
INFO [11-28|06:08:05.812] Transaction pool price threshold updated price=225,000,000,000
INFO [11-28|06:08:05.812] lastAccepted = 0x85e8e005d0781062bbf8c17c3c00f69b9e1936d0912ce2eb2c3cc3ed2603cd22 
INFO [11-28|06:08:05] <C Chain> snow/engine/snowman/transitive.go#64: initializing consensus engine
INFO [11-28|06:08:05] <C Chain> snow/engine/common/bootstrapper.go#82: Starting bootstrap...
DEBUG[11-28|06:08:05] <C Chain> snow/networking/router/handler.go#140: Forwarding message to consensus: (Connected, NodeID: NodeID-FPAwqHjs8Mw8Cuki5bkm3vSVisZr8t2Lu, RequestID: 0)
INFO [11-28|06:08:05.813] Enabled APIs:  
DEBUG[11-28|06:08:05.813] Allowed origin(s) for WS RPC interface [*] 
DEBUG[11-28|06:08:05] <C Chain> snow/networking/router/handler.go#171: Finished handling message: Connected
DEBUG[11-28|06:08:05] <C Chain> snow/networking/router/handler.go#140: Forwarding message to consensus: (Connected, NodeID: NodeID-HaZ4HpanjndqSuN252chFsTysmdND5meA, RequestID: 0)
DEBUG[11-28|06:08:05] <C Chain> snow/networking/router/handler.go#171: Finished handling message: Connected
DEBUG[11-28|06:08:05] <C Chain> snow/networking/router/handler.go#140: Forwarding message to consensus: (Connected, NodeID: NodeID-5dDZXn99LCkDoEi6t9gTitZuQmhokxQTc, RequestID: 0)
DEBUG[11-28|06:08:05] <C Chain> snow/networking/router/handler.go#171: Finished handling message: Connected
DEBUG[11-28|06:08:05] <C Chain> snow/networking/router/handler.go#140: Forwarding message to consensus: (Connected, NodeID: NodeID-EkH8wyEshzEQBToAdR7Fexxcj9rrmEEHZ, RequestID: 0)
DEBUG[11-28|06:08:05] <C Chain> snow/networking/router/handler.go#171: Finished handling message: Connected
DEBUG[11-28|06:08:05] <C Chain> snow/networking/router/handler.go#140: Forwarding message to consensus: (Connected, NodeID: NodeID-AQghDJTU3zuQj73itPtfTZz6CxsTQVD3R, RequestID: 0)
DEBUG[11-28|06:08:05] <C Chain> snow/networking/router/handler.go#171: Finished handling message: Connected
DEBUG[11-28|06:08:05] <C Chain> snow/networking/router/handler.go#140: Forwarding message to consensus: (Get Accepted Frontier, NodeID: NodeID-HaZ4HpanjndqSuN252chFsTysmdND5meA, RequestID: 1, Received: 1638079685, Deadline: 1638079689)
DEBUG[11-28|06:08:05] <C Chain> snow/networking/router/handler.go#171: Finished handling message: Get Accepted Frontier
DEBUG[11-28|06:08:05] <C Chain> snow/networking/router/handler.go#140: Forwarding message to consensus: (Accepted Frontier, NodeID: NodeID-HaZ4HpanjndqSuN252chFsTysmdND5meA, RequestID: 1, Received: 1638079685, ContainerIDs: [21yYUpJGa1ckdTRxm2jcpZ21J9KBcvJG2dVqpQCZYVaLGB3uAu])
DEBUG[11-28|06:08:05] <C Chain> snow/networking/router/handler.go#171: Finished handling message: Accepted Frontier
DEBUG[11-28|06:08:05] <C Chain> snow/networking/router/handler.go#140: Forwarding message to consensus: (Accepted Frontier, NodeID: NodeID-5dDZXn99LCkDoEi6t9gTitZuQmhokxQTc, RequestID: 1, Received: 1638079685, ContainerIDs: [21yYUpJGa1ckdTRxm2jcpZ21J9KBcvJG2dVqpQCZYVaLGB3uAu])
DEBUG[11-28|06:08:05] <C Chain> snow/networking/router/handler.go#171: Finished handling message: Accepted Frontier
DEBUG[11-28|06:08:05] <C Chain> snow/networking/router/handler.go#140: Forwarding message to consensus: (Accepted Frontier, NodeID: NodeID-EkH8wyEshzEQBToAdR7Fexxcj9rrmEEHZ, RequestID: 1, Received: 1638079685, ContainerIDs: [21yYUpJGa1ckdTRxm2jcpZ21J9KBcvJG2dVqpQCZYVaLGB3uAu])
DEBUG[11-28|06:08:05] <C Chain> snow/networking/router/handler.go#171: Finished handling message: Accepted Frontier
DEBUG[11-28|06:08:05] <C Chain> snow/networking/router/handler.go#140: Forwarding message to consensus: (Accepted Frontier, NodeID: NodeID-FPAwqHjs8Mw8Cuki5bkm3vSVisZr8t2Lu, RequestID: 1, Received: 1638079685, ContainerIDs: [21yYUpJGa1ckdTRxm2jcpZ21J9KBcvJG2dVqpQCZYVaLGB3uAu])
DEBUG[11-28|06:08:05] <C Chain> snow/networking/router/handler.go#171: Finished handling message: Accepted Frontier
DEBUG[11-28|06:08:05] <C Chain> snow/networking/router/handler.go#140: Forwarding message to consensus: (Accepted Frontier, NodeID: NodeID-AQghDJTU3zuQj73itPtfTZz6CxsTQVD3R, RequestID: 1, Received: 1638079685, ContainerIDs: [21yYUpJGa1ckdTRxm2jcpZ21J9KBcvJG2dVqpQCZYVaLGB3uAu])
DEBUG[11-28|06:08:05] <C Chain> snow/engine/common/bootstrapper.go#407: sent 5 more GetAccepted messages with 0 more to send
DEBUG[11-28|06:08:05] <C Chain> snow/networking/router/handler.go#171: Finished handling message: Accepted Frontier
DEBUG[11-28|06:08:05] <C Chain> snow/networking/router/handler.go#140: Forwarding message to consensus: (Get Accepted, NodeID: NodeID-HaZ4HpanjndqSuN252chFsTysmdND5meA, RequestID: 2, Received: 1638079685, Deadline: 1638079687, ContainerIDs: [21yYUpJGa1ckdTRxm2jcpZ21J9KBcvJG2dVqpQCZYVaLGB3uAu])
DEBUG[11-28|06:08:05] <C Chain> snow/networking/router/handler.go#171: Finished handling message: Get Accepted
DEBUG[11-28|06:08:05] <C Chain> snow/networking/router/handler.go#140: Forwarding message to consensus: (Accepted, NodeID: NodeID-HaZ4HpanjndqSuN252chFsTysmdND5meA, RequestID: 2, Received: 1638079685, ContainerIDs: [21yYUpJGa1ckdTRxm2jcpZ21J9KBcvJG2dVqpQCZYVaLGB3uAu])
DEBUG[11-28|06:08:05] <C Chain> snow/networking/router/handler.go#171: Finished handling message: Accepted
DEBUG[11-28|06:08:05] <C Chain> snow/networking/router/handler.go#140: Forwarding message to consensus: (Accepted, NodeID: NodeID-EkH8wyEshzEQBToAdR7Fexxcj9rrmEEHZ, RequestID: 2, Received: 1638079685, ContainerIDs: [21yYUpJGa1ckdTRxm2jcpZ21J9KBcvJG2dVqpQCZYVaLGB3uAu])
DEBUG[11-28|06:08:05] <C Chain> snow/networking/router/handler.go#171: Finished handling message: Accepted
DEBUG[11-28|06:08:05] <C Chain> snow/networking/router/handler.go#140: Forwarding message to consensus: (Accepted, NodeID: NodeID-FPAwqHjs8Mw8Cuki5bkm3vSVisZr8t2Lu, RequestID: 2, Received: 1638079685, ContainerIDs: [21yYUpJGa1ckdTRxm2jcpZ21J9KBcvJG2dVqpQCZYVaLGB3uAu])
DEBUG[11-28|06:08:05] <C Chain> snow/networking/router/handler.go#171: Finished handling message: Accepted
DEBUG[11-28|06:08:05] <C Chain> snow/networking/router/handler.go#140: Forwarding message to consensus: (Accepted, NodeID: NodeID-5dDZXn99LCkDoEi6t9gTitZuQmhokxQTc, RequestID: 2, Received: 1638079685, ContainerIDs: [21yYUpJGa1ckdTRxm2jcpZ21J9KBcvJG2dVqpQCZYVaLGB3uAu])
DEBUG[11-28|06:08:05] <C Chain> snow/networking/router/handler.go#171: Finished handling message: Accepted
DEBUG[11-28|06:08:05] <C Chain> snow/networking/router/handler.go#140: Forwarding message to consensus: (Accepted, NodeID: NodeID-AQghDJTU3zuQj73itPtfTZz6CxsTQVD3R, RequestID: 2, Received: 1638079685, ContainerIDs: [21yYUpJGa1ckdTRxm2jcpZ21J9KBcvJG2dVqpQCZYVaLGB3uAu])
INFO [11-28|06:08:05] <C Chain> snow/engine/common/bootstrapper.go#272: Bootstrapping started syncing with 1 vertices in the accepted frontier
DEBUG[11-28|06:08:05] <C Chain> snow/engine/snowman/bootstrap/bootstrapper.go#142: Starting bootstrapping with 1 pending blocks and 1 from the accepted frontier
INFO [11-28|06:08:05] <C Chain> snow/engine/snowman/bootstrap/bootstrapper.go#347: bootstrapping fetched 0 blocks. Executing state transitions...
INFO [11-28|06:08:05] <C Chain> snow/engine/common/queue/jobs.go#165: executed 0 operations
INFO [11-28|06:08:05] <C Chain> snow/engine/snowman/transitive.go#128: bootstrapping finished with 21yYUpJGa1ckdTRxm2jcpZ21J9KBcvJG2dVqpQCZYVaLGB3uAu as the last accepted block
DEBUG[11-28|06:08:05] <C Chain> snow/networking/router/handler.go#171: Finished handling message: Accepted
DEBUG[11-28|06:08:06] <C Chain> snow/networking/router/handler.go#140: Forwarding message to consensus: (Get Accepted, NodeID: NodeID-FPAwqHjs8Mw8Cuki5bkm3vSVisZr8t2Lu, RequestID: 2, Received: 1638079686, Deadline: 1638079688, ContainerIDs: [21yYUpJGa1ckdTRxm2jcpZ21J9KBcvJG2dVqpQCZYVaLGB3uAu])
DEBUG[11-28|06:08:06] <C Chain> snow/networking/router/handler.go#171: Finished handling message: Get Accepted
DEBUG[11-28|06:08:06] <C Chain> snow/networking/router/handler.go#140: Forwarding message to consensus: (Get Accepted, NodeID: NodeID-EkH8wyEshzEQBToAdR7Fexxcj9rrmEEHZ, RequestID: 2, Received: 1638079686, Deadline: 1638079688, ContainerIDs: [21yYUpJGa1ckdTRxm2jcpZ21J9KBcvJG2dVqpQCZYVaLGB3uAu])
DEBUG[11-28|06:08:06] <C Chain> snow/networking/router/handler.go#171: Finished handling message: Get Accepted
DEBUG[11-28|06:08:06] <C Chain> snow/networking/router/handler.go#140: Forwarding message to consensus: (Get Accepted, NodeID: NodeID-AQghDJTU3zuQj73itPtfTZz6CxsTQVD3R, RequestID: 2, Received: 1638079686, Deadline: 1638079688, ContainerIDs: [21yYUpJGa1ckdTRxm2jcpZ21J9KBcvJG2dVqpQCZYVaLGB3uAu])
DEBUG[11-28|06:08:06] <C Chain> snow/networking/router/handler.go#171: Finished handling message: Get Accepted
DEBUG[11-28|06:08:07] <C Chain> snow/networking/router/handler.go#140: Forwarding message to consensus: (Get Accepted, NodeID: NodeID-5dDZXn99LCkDoEi6t9gTitZuQmhokxQTc, RequestID: 2, Received: 1638079687, Deadline: 1638079692, ContainerIDs: [21yYUpJGa1ckdTRxm2jcpZ21J9KBcvJG2dVqpQCZYVaLGB3uAu])
DEBUG[11-28|06:08:07] <C Chain> snow/networking/router/handler.go#171: Finished handling message: Get Accepted
INFO [11-28|06:52:13] <C Chain> snow/engine/snowman/transitive.go#150: shutting down consensus engine
INFO [11-28|06:52:13.530] Transaction pool stopped 
INFO [11-28|06:52:13.530] Blockchain stopped 
2021-11-28T06:52:13.534Z [WARN]  stdio: received EOF, stopping recv loop: err="rpc error: code = Unavailable desc = transport is closing"
