DEBUG[11-28|06:07:53] <P Chain> vms/secp256k1fx/fx.go#51: initializing secp561k1 fx
INFO [11-28|06:07:53] <P Chain> vms/platformvm/vm.go#207: initializing last accepted block as 2JxZLYvfG6RjxLAdHrYZhnF2Ba8Hkc4TwTTvkHMU94dDoBhs4A
DEBUG[11-28|06:07:53] <P Chain> vms/platformvm/mempool.go#396: next scheduled event is at 292277024627-12-06 15:30:07 +0000 GMT (2562047h47m16.854775807s in the future)
INFO [11-28|06:07:53] <P Chain> snow/engine/snowman/transitive.go#64: initializing consensus engine
INFO [11-28|06:07:53] <P Chain> snow/engine/common/bootstrapper.go#82: Starting bootstrap...
INFO [11-28|06:07:53] <P Chain> snow/engine/common/bootstrapper.go#368: Bootstrapping skipped due to no provided bootstraps
DEBUG[11-28|06:07:53] <P Chain> snow/engine/snowman/bootstrap/bootstrapper.go#142: Starting bootstrapping with 0 pending blocks and 0 from the accepted frontier
INFO [11-28|06:07:53] <P Chain> snow/engine/snowman/bootstrap/bootstrapper.go#347: bootstrapping fetched 0 blocks. Executing state transitions...
INFO [11-28|06:07:53] <P Chain> snow/engine/common/queue/jobs.go#165: executed 0 operations
INFO [11-28|06:07:53] <P Chain> snow/engine/snowman/bootstrap/bootstrapper.go#380: waiting for the remaining chains in this subnet to finish syncing
DEBUG[11-28|06:07:53] <P Chain> snow/networking/router/handler.go#140: Forwarding message to consensus: (Connected, NodeID: NodeID-5dDZXn99LCkDoEi6t9gTitZuQmhokxQTc, RequestID: 0)
DEBUG[11-28|06:07:53] <P Chain> snow/networking/router/handler.go#171: Finished handling message: Connected
DEBUG[11-28|06:07:56] <P Chain> snow/networking/router/handler.go#140: Forwarding message to consensus: (Connected, NodeID: NodeID-EkH8wyEshzEQBToAdR7Fexxcj9rrmEEHZ, RequestID: 0)
DEBUG[11-28|06:07:56] <P Chain> snow/networking/router/handler.go#171: Finished handling message: Connected
DEBUG[11-28|06:07:56] <P Chain> snow/networking/router/handler.go#140: Forwarding message to consensus: (Get Accepted Frontier, NodeID: NodeID-EkH8wyEshzEQBToAdR7Fexxcj9rrmEEHZ, RequestID: 1, Received: 1638079676, Deadline: 1638079681)
DEBUG[11-28|06:07:56] <P Chain> snow/networking/router/handler.go#171: Finished handling message: Get Accepted Frontier
DEBUG[11-28|06:07:56] <P Chain> snow/networking/router/handler.go#140: Forwarding message to consensus: (Get Accepted, NodeID: NodeID-EkH8wyEshzEQBToAdR7Fexxcj9rrmEEHZ, RequestID: 2, Received: 1638079676, Deadline: 1638079681, ContainerIDs: [2JxZLYvfG6RjxLAdHrYZhnF2Ba8Hkc4TwTTvkHMU94dDoBhs4A])
DEBUG[11-28|06:07:56] <P Chain> snow/networking/router/handler.go#171: Finished handling message: Get Accepted
DEBUG[11-28|06:07:59] <P Chain> snow/networking/router/handler.go#140: Forwarding message to consensus: (Connected, NodeID: NodeID-FPAwqHjs8Mw8Cuki5bkm3vSVisZr8t2Lu, RequestID: 0)
DEBUG[11-28|06:07:59] <P Chain> snow/networking/router/handler.go#171: Finished handling message: Connected
DEBUG[11-28|06:07:59] <P Chain> snow/networking/router/handler.go#140: Forwarding message to consensus: (Get Accepted Frontier, NodeID: NodeID-FPAwqHjs8Mw8Cuki5bkm3vSVisZr8t2Lu, RequestID: 1, Received: 1638079679, Deadline: 1638079684)
DEBUG[11-28|06:07:59] <P Chain> snow/networking/router/handler.go#171: Finished handling message: Get Accepted Frontier
DEBUG[11-28|06:07:59] <P Chain> snow/networking/router/handler.go#140: Forwarding message to consensus: (Get Accepted, NodeID: NodeID-FPAwqHjs8Mw8Cuki5bkm3vSVisZr8t2Lu, RequestID: 2, Received: 1638079679, Deadline: 1638079684, ContainerIDs: [2JxZLYvfG6RjxLAdHrYZhnF2Ba8Hkc4TwTTvkHMU94dDoBhs4A])
DEBUG[11-28|06:07:59] <P Chain> snow/networking/router/handler.go#171: Finished handling message: Get Accepted
DEBUG[11-28|06:08:02] <P Chain> snow/networking/router/handler.go#140: Forwarding message to consensus: (Connected, NodeID: NodeID-AQghDJTU3zuQj73itPtfTZz6CxsTQVD3R, RequestID: 0)
DEBUG[11-28|06:08:02] <P Chain> snow/networking/router/handler.go#171: Finished handling message: Connected
DEBUG[11-28|06:08:02] <P Chain> snow/networking/router/handler.go#140: Forwarding message to consensus: (Get Accepted Frontier, NodeID: NodeID-AQghDJTU3zuQj73itPtfTZz6CxsTQVD3R, RequestID: 1, Received: 1638079682, Deadline: 1638079687)
DEBUG[11-28|06:08:02] <P Chain> snow/networking/router/handler.go#171: Finished handling message: Get Accepted Frontier
DEBUG[11-28|06:08:02] <P Chain> snow/networking/router/handler.go#140: Forwarding message to consensus: (Get Accepted, NodeID: NodeID-AQghDJTU3zuQj73itPtfTZz6CxsTQVD3R, RequestID: 2, Received: 1638079682, Deadline: 1638079687, ContainerIDs: [2JxZLYvfG6RjxLAdHrYZhnF2Ba8Hkc4TwTTvkHMU94dDoBhs4A])
DEBUG[11-28|06:08:02] <P Chain> snow/networking/router/handler.go#171: Finished handling message: Get Accepted
DEBUG[11-28|06:08:03] <P Chain> snow/networking/router/handler.go#140: Forwarding message to consensus: (Timeout, NodeID: NodeID-5dDZXn99LCkDoEi6t9gTitZuQmhokxQTc, RequestID: 0)
DEBUG[11-28|06:08:03] <P Chain> snow/engine/common/bootstrapper.go#318: Checking for new frontiers
INFO [11-28|06:08:03] <P Chain> snow/engine/common/bootstrapper.go#368: Bootstrapping skipped due to no provided bootstraps
DEBUG[11-28|06:08:03] <P Chain> snow/engine/snowman/bootstrap/bootstrapper.go#142: Starting bootstrapping with 0 pending blocks and 0 from the accepted frontier
DEBUG[11-28|06:08:03] <P Chain> snow/engine/snowman/bootstrap/bootstrapper.go#349: bootstrapping fetched 0 blocks. Executing state transitions...
DEBUG[11-28|06:08:03] <P Chain> snow/engine/common/queue/jobs.go#167: executed 0 operations
DEBUG[11-28|06:08:03] <P Chain> snow/engine/snowman/bootstrap/bootstrapper.go#382: waiting for the remaining chains in this subnet to finish syncing
DEBUG[11-28|06:08:03] <P Chain> snow/networking/router/handler.go#171: Finished handling message: Timeout
DEBUG[11-28|06:08:05] <P Chain> snow/networking/router/handler.go#140: Forwarding message to consensus: (Connected, NodeID: NodeID-HaZ4HpanjndqSuN252chFsTysmdND5meA, RequestID: 0)
DEBUG[11-28|06:08:05] <P Chain> snow/networking/router/handler.go#171: Finished handling message: Connected
DEBUG[11-28|06:08:05] <P Chain> snow/networking/router/handler.go#140: Forwarding message to consensus: (Get Accepted Frontier, NodeID: NodeID-HaZ4HpanjndqSuN252chFsTysmdND5meA, RequestID: 1, Received: 1638079685, Deadline: 1638079690)
DEBUG[11-28|06:08:05] <P Chain> snow/networking/router/handler.go#171: Finished handling message: Get Accepted Frontier
DEBUG[11-28|06:08:05] <P Chain> snow/networking/router/handler.go#140: Forwarding message to consensus: (Get Accepted, NodeID: NodeID-HaZ4HpanjndqSuN252chFsTysmdND5meA, RequestID: 2, Received: 1638079685, Deadline: 1638079690, ContainerIDs: [2JxZLYvfG6RjxLAdHrYZhnF2Ba8Hkc4TwTTvkHMU94dDoBhs4A])
DEBUG[11-28|06:08:05] <P Chain> snow/networking/router/handler.go#171: Finished handling message: Get Accepted
DEBUG[11-28|06:08:06] <P Chain> snow/networking/router/handler.go#140: Forwarding message to consensus: (Get Accepted Frontier, NodeID: NodeID-EkH8wyEshzEQBToAdR7Fexxcj9rrmEEHZ, RequestID: 3, Received: 1638079686, Deadline: 1638079688)
DEBUG[11-28|06:08:06] <P Chain> snow/networking/router/handler.go#171: Finished handling message: Get Accepted Frontier
DEBUG[11-28|06:08:06] <P Chain> snow/networking/router/handler.go#140: Forwarding message to consensus: (Get Accepted, NodeID: NodeID-EkH8wyEshzEQBToAdR7Fexxcj9rrmEEHZ, RequestID: 4, Received: 1638079686, Deadline: 1638079688, ContainerIDs: [2JxZLYvfG6RjxLAdHrYZhnF2Ba8Hkc4TwTTvkHMU94dDoBhs4A])
DEBUG[11-28|06:08:06] <P Chain> snow/networking/router/handler.go#171: Finished handling message: Get Accepted
DEBUG[11-28|06:08:07] <P Chain> snow/networking/router/handler.go#140: Forwarding message to consensus: (Timeout, NodeID: NodeID-5dDZXn99LCkDoEi6t9gTitZuQmhokxQTc, RequestID: 0)
INFO [11-28|06:08:07] <P Chain> snow/engine/snowman/transitive.go#128: bootstrapping finished with 2JxZLYvfG6RjxLAdHrYZhnF2Ba8Hkc4TwTTvkHMU94dDoBhs4A as the last accepted block
DEBUG[11-28|06:08:07] <P Chain> snow/networking/router/handler.go#171: Finished handling message: Timeout
INFO [11-28|06:52:13] <P Chain> snow/engine/snowman/transitive.go#150: shutting down consensus engine
